#
# There is insufficient memory for the Java Runtime Environment to continue.
# Native memory allocation (malloc) failed to allocate 479824 bytes for Chunk::new
# Possible reasons:
#   The system is out of physical RAM or swap space
#   The process is running with CompressedOops enabled, and the Java Heap may be blocking the growth of the native heap
# Possible solutions:
#   Reduce memory load on the system
#   Increase physical memory or swap space
#   Check if swap backing store is full
#   Decrease Java heap size (-Xmx/-Xms)
#   Decrease number of Java threads
#   Decrease Java thread stack sizes (-Xss)
#   Set larger code cache with -XX:ReservedCodeCacheSize=
#   JVM is running with Unscaled Compressed Oops mode in which the Java heap is
#     placed in the first 4GB address space. The Java Heap base address is the
#     maximum limit for the native heap growth. Please use -XX:HeapBaseMinAddress
#     to set the Java Heap base and to place the Java Heap above 4GB virtual address.
# This output file may be truncated or incomplete.
#
#  Out of Memory Error (allocation.cpp:389), pid=10764, tid=0x0000000000002764
#
# JRE version: OpenJDK Runtime Environment (8.0_242-b01) (build 1.8.0_242-release-1644-b01)
# Java VM: OpenJDK 64-Bit Server VM (25.242-b01 mixed mode windows-amd64 compressed oops)
# Failed to write core dump. Minidumps are not enabled by default on client versions of Windows
#

---------------  T H R E A D  ---------------

Current thread (0x00000000193b1000):  JavaThread "C2 CompilerThread2" daemon [_thread_in_native, id=10084, stack(0x000000001ac20000,0x000000001ad20000)]

Stack: [0x000000001ac20000,0x000000001ad20000]
[error occurred during error reporting (printing stack bounds), id 0xc0000005]

Native frames: (J=compiled Java code, j=interpreted, Vv=VM code, C=native code)


Current CompileTask:
C2:   2148 1459   !   4       java.net.URLClassLoader$1::run (63 bytes)


---------------  P R O C E S S  ---------------

Java Threads: ( => current thread )
  0x000000001cdac000 JavaThread "Cache worker for file hash cache (C:\Users\vietdd\.gradle\caches\6.1.1\fileHashes)" [_thread_blocked, id=16976, stack(0x000000001eb00000,0x000000001ec00000)]
  0x000000001cdaf800 JavaThread "File lock request listener" [_thread_in_native, id=11980, stack(0x000000001ea00000,0x000000001eb00000)]
  0x000000001d0d4800 JavaThread "Cache worker for journal cache (C:\Users\vietdd\.gradle\caches\journal-1)" [_thread_blocked, id=18944, stack(0x000000001e900000,0x000000001ea00000)]
  0x000000001cc49800 JavaThread "Thread-9" [_thread_blocked, id=19404, stack(0x000000001e600000,0x000000001e700000)]
  0x000000001cc48800 JavaThread "Stdin handler" [_thread_blocked, id=13624, stack(0x000000001e500000,0x000000001e600000)]
  0x000000001cc48000 JavaThread "Asynchronous log dispatcher for DefaultDaemonConnection: socket connection from /127.0.0.1:61792 to /127.0.0.1:61793" [_thread_blocked, id=11784, stack(0x000000001e400000,0x000000001e500000)]
  0x000000001cca6000 JavaThread "Daemon worker" [_thread_in_vm, id=18272, stack(0x000000001e300000,0x000000001e400000)]
  0x000000001cc99800 JavaThread "Cancel handler" [_thread_blocked, id=12648, stack(0x000000001e200000,0x000000001e300000)]
  0x000000001cbb0000 JavaThread "Handler for socket connection from /127.0.0.1:61792 to /127.0.0.1:61793" [_thread_in_native, id=10300, stack(0x000000001df00000,0x000000001e000000)]
  0x000000001cbac800 JavaThread "Daemon" [_thread_blocked, id=14784, stack(0x000000001de00000,0x000000001df00000)]
  0x000000001cbbf000 JavaThread "Daemon periodic checks" [_thread_blocked, id=13332, stack(0x000000001dd00000,0x000000001de00000)]
  0x000000001cbbc000 JavaThread "Incoming local TCP Connector on port 61792" [_thread_in_native, id=18144, stack(0x000000001dac0000,0x000000001dbc0000)]
  0x000000001c774800 JavaThread "Daemon health stats" [_thread_blocked, id=13716, stack(0x000000001d7c0000,0x000000001d8c0000)]
  0x0000000019431800 JavaThread "Service Thread" daemon [_thread_blocked, id=32, stack(0x000000001ae20000,0x000000001af20000)]
  0x00000000193b6800 JavaThread "C1 CompilerThread3" daemon [_thread_blocked, id=3588, stack(0x000000001ad20000,0x000000001ae20000)]
=>0x00000000193b1000 JavaThread "C2 CompilerThread2" daemon [_thread_in_native, id=10084, stack(0x000000001ac20000,0x000000001ad20000)]
  0x00000000193ac800 JavaThread "C2 CompilerThread1" daemon [_thread_blocked, id=18672, stack(0x000000001ab20000,0x000000001ac20000)]
  0x00000000193a2800 JavaThread "C2 CompilerThread0" daemon [_thread_in_native, id=17684, stack(0x000000001aa20000,0x000000001ab20000)]
  0x00000000193a1000 JavaThread "Attach Listener" daemon [_thread_blocked, id=1620, stack(0x000000001a920000,0x000000001aa20000)]
  0x00000000193a0000 JavaThread "Signal Dispatcher" daemon [_thread_blocked, id=18408, stack(0x000000001a820000,0x000000001a920000)]
  0x0000000017cc2000 JavaThread "Finalizer" daemon [_thread_blocked, id=11992, stack(0x000000001a620000,0x000000001a720000)]
  0x0000000019393000 JavaThread "Reference Handler" daemon [_thread_blocked, id=12200, stack(0x000000001a520000,0x000000001a620000)]
  0x000000000294d800 JavaThread "main" [_thread_blocked, id=7796, stack(0x0000000002800000,0x0000000002900000)]

Other Threads:
  0x0000000017cb5800 VMThread [stack: 0x000000001a420000,0x000000001a520000] [id=14316]
  0x0000000019432000 WatcherThread [stack: 0x000000001af20000,0x000000001b020000] [id=12616]

VM state:not at safepoint (normal execution)

VM Mutex/Monitor currently owned by a thread: None

heap address: 0x0000000080000000, size: 2048 MB, Compressed Oops mode: 32-bit
Narrow klass base: 0x0000000000000000, Narrow klass shift: 3
Compressed class space size: 1073741824 Address: 0x0000000100000000

Heap:
 PSYoungGen      total 75776K, used 34497K [0x00000000d5580000, 0x00000000daa00000, 0x0000000100000000)
  eden space 65024K, 38% used [0x00000000d5580000,0x00000000d6e42b80,0x00000000d9500000)
  from space 10752K, 85% used [0x00000000d9f80000,0x00000000da86db60,0x00000000daa00000)
  to   space 10752K, 0% used [0x00000000d9500000,0x00000000d9500000,0x00000000d9f80000)
 ParOldGen       total 173568K, used 24K [0x0000000080000000, 0x000000008a980000, 0x00000000d5580000)
  object space 173568K, 0% used [0x0000000080000000,0x0000000080006000,0x000000008a980000)
 Metaspace       used 16732K, capacity 17276K, committed 17536K, reserved 1064960K
  class space    used 2270K, capacity 2430K, committed 2432K, reserved 1048576K

Card table byte_map: [0x0000000011e10000,0x0000000012220000] byte_map_base: 0x0000000011a10000

Marking Bits: (ParMarkBitMap*) 0x0000000050bff030
 Begin Bits: [0x0000000012ed0000, 0x0000000014ed0000)
 End Bits:   [0x0000000014ed0000, 0x0000000016ed0000)

Polling page: 0x0000000000570000

CodeCache: size=245760Kb used=5368Kb max_used=5376Kb free=240391Kb
 bounds [0x0000000002a50000, 0x0000000002fa0000, 0x0000000011a50000]
 total_blobs=1926 nmethods=1525 adapters=314
 compilation: enabled

Compilation events (10 events):
Event: 2.137 Thread 0x00000000193b6800 1523       3       sun.reflect.MethodAccessorImpl::<init> (5 bytes)
Event: 2.137 Thread 0x00000000193b6800 nmethod 1523 0x0000000002f8cd90 code [0x0000000002f8cf00, 0x0000000002f8d110]
Event: 2.137 Thread 0x00000000193b6800 1522       1       java.lang.reflect.Method::getMethodAccessor (5 bytes)
Event: 2.137 Thread 0x00000000193b6800 nmethod 1522 0x0000000002f8edd0 code [0x0000000002f8ef20, 0x0000000002f8f030]
Event: 2.145 Thread 0x00000000193b6800 1524       3       java.util.Formatter$Flags::contains (22 bytes)
Event: 2.146 Thread 0x00000000193ac800 1525       4       java.nio.charset.CharsetEncoder::reset (11 bytes)
Event: 2.146 Thread 0x00000000193b6800 nmethod 1524 0x0000000002f8f090 code [0x0000000002f8f200, 0x0000000002f8f410]
Event: 2.146 Thread 0x00000000193ac800 nmethod 1525 0x0000000002f92110 code [0x0000000002f92240, 0x0000000002f92298]
Event: 2.146 Thread 0x00000000193ac800 1526       4       java.nio.charset.CharsetEncoder::implReset (1 bytes)
Event: 2.146 Thread 0x00000000193ac800 nmethod 1526 0x0000000002f92310 code [0x0000000002f92440, 0x0000000002f92498]

GC Heap History (4 events):
Event: 0.641 GC heap before
{Heap before GC invocations=1 (full 0):
 PSYoungGen      total 75776K, used 65024K [0x00000000d5580000, 0x00000000daa00000, 0x0000000100000000)
  eden space 65024K, 100% used [0x00000000d5580000,0x00000000d9500000,0x00000000d9500000)
  from space 10752K, 0% used [0x00000000d9f80000,0x00000000d9f80000,0x00000000daa00000)
  to   space 10752K, 0% used [0x00000000d9500000,0x00000000d9500000,0x00000000d9f80000)
 ParOldGen       total 173568K, used 0K [0x0000000080000000, 0x000000008a980000, 0x00000000d5580000)
  object space 173568K, 0% used [0x0000000080000000,0x0000000080000000,0x000000008a980000)
 Metaspace       used 7384K, capacity 7580K, committed 7680K, reserved 1056768K
  class space    used 901K, capacity 972K, committed 1024K, reserved 1048576K
Event: 0.645 GC heap after
Heap after GC invocations=1 (full 0):
 PSYoungGen      total 75776K, used 5679K [0x00000000d5580000, 0x00000000daa00000, 0x0000000100000000)
  eden space 65024K, 0% used [0x00000000d5580000,0x00000000d5580000,0x00000000d9500000)
  from space 10752K, 52% used [0x00000000d9500000,0x00000000d9a8bc28,0x00000000d9f80000)
  to   space 10752K, 0% used [0x00000000d9f80000,0x00000000d9f80000,0x00000000daa00000)
 ParOldGen       total 173568K, used 16K [0x0000000080000000, 0x000000008a980000, 0x00000000d5580000)
  object space 173568K, 0% used [0x0000000080000000,0x0000000080004000,0x000000008a980000)
 Metaspace       used 7384K, capacity 7580K, committed 7680K, reserved 1056768K
  class space    used 901K, capacity 972K, committed 1024K, reserved 1048576K
}
Event: 2.026 GC heap before
{Heap before GC invocations=2 (full 0):
 PSYoungGen      total 75776K, used 70703K [0x00000000d5580000, 0x00000000daa00000, 0x0000000100000000)
  eden space 65024K, 100% used [0x00000000d5580000,0x00000000d9500000,0x00000000d9500000)
  from space 10752K, 52% used [0x00000000d9500000,0x00000000d9a8bc28,0x00000000d9f80000)
  to   space 10752K, 0% used [0x00000000d9f80000,0x00000000d9f80000,0x00000000daa00000)
 ParOldGen       total 173568K, used 16K [0x0000000080000000, 0x000000008a980000, 0x00000000d5580000)
  object space 173568K, 0% used [0x0000000080000000,0x0000000080004000,0x000000008a980000)
 Metaspace       used 14768K, capacity 15180K, committed 15488K, reserved 1062912K
  class space    used 1956K, capacity 2090K, committed 2176K, reserved 1048576K
Event: 2.031 GC heap after
Heap after GC invocations=2 (full 0):
 PSYoungGen      total 75776K, used 9142K [0x00000000d5580000, 0x00000000daa00000, 0x0000000100000000)
  eden space 65024K, 0% used [0x00000000d5580000,0x00000000d5580000,0x00000000d9500000)
  from space 10752K, 85% used [0x00000000d9f80000,0x00000000da86db60,0x00000000daa00000)
  to   space 10752K, 0% used [0x00000000d9500000,0x00000000d9500000,0x00000000d9f80000)
 ParOldGen       total 173568K, used 24K [0x0000000080000000, 0x000000008a980000, 0x00000000d5580000)
  object space 173568K, 0% used [0x0000000080000000,0x0000000080006000,0x000000008a980000)
 Metaspace       used 14768K, capacity 15180K, committed 15488K, reserved 1062912K
  class space    used 1956K, capacity 2090K, committed 2176K, reserved 1048576K
}

Deoptimization events (10 events):
Event: 1.857 Thread 0x000000001cbb0000 Uncommon trap: reason=unstable_if action=reinterpret pc=0x0000000002e5e2a8 method=java.util.concurrent.ConcurrentHashMap.putVal(Ljava/lang/Object;Ljava/lang/Object;Z)Ljava/lang/Object; @ 206
Event: 1.864 Thread 0x000000001cbb0000 Uncommon trap: reason=unstable_if action=reinterpret pc=0x0000000002d6f654 method=java.lang.String.substring(I)Ljava/lang/String; @ 35
Event: 1.884 Thread 0x000000001cca6000 Uncommon trap: reason=bimorphic action=maybe_recompile pc=0x0000000002d2a454 method=java.util.HashMap.putVal(ILjava/lang/Object;Ljava/lang/Object;ZZ)Ljava/lang/Object; @ 253
Event: 1.884 Thread 0x000000001cca6000 Uncommon trap: reason=bimorphic action=maybe_recompile pc=0x0000000002d2a454 method=java.util.HashMap.putVal(ILjava/lang/Object;Ljava/lang/Object;ZZ)Ljava/lang/Object; @ 253
Event: 1.884 Thread 0x000000001cca6000 Uncommon trap: reason=bimorphic action=maybe_recompile pc=0x0000000002d2a454 method=java.util.HashMap.putVal(ILjava/lang/Object;Ljava/lang/Object;ZZ)Ljava/lang/Object; @ 253
Event: 1.985 Thread 0x000000001cca6000 Uncommon trap: reason=class_check action=maybe_recompile pc=0x0000000002d77918 method=java.util.regex.Matcher.match(II)Z @ 86
Event: 1.986 Thread 0x000000001cca6000 Uncommon trap: reason=class_check action=maybe_recompile pc=0x0000000002d77918 method=java.util.regex.Matcher.match(II)Z @ 86
Event: 1.986 Thread 0x000000001cca6000 Uncommon trap: reason=class_check action=maybe_recompile pc=0x0000000002d77918 method=java.util.regex.Matcher.match(II)Z @ 86
Event: 1.986 Thread 0x000000001cca6000 Uncommon trap: reason=class_check action=maybe_recompile pc=0x0000000002c0d05c method=java.util.regex.Matcher.match(II)Z @ 86
Event: 2.113 Thread 0x000000001cca6000 Uncommon trap: reason=unstable_if action=reinterpret pc=0x0000000002d7d38c method=java.io.File.getName()Ljava/lang/String; @ 16

Classes redefined (0 events):
No events

Internal exceptions (10 events):
Event: 1.862 Thread 0x000000001cbb0000 Exception <a 'java/lang/NoSuchMethodError': <clinit>> (0x00000000d7684810) thrown at [C:\src\AOSP-openjdk-git\hotspot\src\share\vm\prims\jni.cpp, line 1615]
Event: 1.863 Thread 0x000000001cbb0000 Exception <a 'java/lang/NoSuchMethodError': <clinit>> (0x00000000d768d3b0) thrown at [C:\src\AOSP-openjdk-git\hotspot\src\share\vm\prims\jni.cpp, line 1615]
Event: 1.863 Thread 0x000000001cbb0000 Exception <a 'java/lang/NoSuchMethodError': <clinit>> (0x00000000d76a37a0) thrown at [C:\src\AOSP-openjdk-git\hotspot\src\share\vm\prims\jni.cpp, line 1615]
Event: 1.867 Thread 0x000000001cbb0000 Exception <a 'java/lang/NoSuchMethodError': <clinit>> (0x00000000d76fdc30) thrown at [C:\src\AOSP-openjdk-git\hotspot\src\share\vm\prims\jni.cpp, line 1615]
Event: 1.869 Thread 0x000000001cbb0000 Exception <a 'java/lang/NoSuchMethodError': <clinit>> (0x00000000d772a5b0) thrown at [C:\src\AOSP-openjdk-git\hotspot\src\share\vm\prims\jni.cpp, line 1615]
Event: 1.872 Thread 0x000000001cbb0000 Exception <a 'java/lang/NoSuchMethodError': <clinit>> (0x00000000d7757838) thrown at [C:\src\AOSP-openjdk-git\hotspot\src\share\vm\prims\jni.cpp, line 1615]
Event: 1.872 Thread 0x000000001cbb0000 Exception <a 'java/lang/NoSuchMethodError': <clinit>> (0x00000000d77628c0) thrown at [C:\src\AOSP-openjdk-git\hotspot\src\share\vm\prims\jni.cpp, line 1615]
Event: 2.132 Thread 0x000000001cca6000 Exception <a 'java/lang/NoSuchMethodError': java.lang.Object.lambda$and$0(Ljava/util/function/Predicate;Ljava/lang/Object;)Z> (0x00000000d6b6b330) thrown at [C:\src\AOSP-openjdk-git\hotspot\src\share\vm\interpreter\linkResolver.cpp, line 620]
Event: 2.134 Thread 0x000000001cca6000 Exception <a 'java/lang/IncompatibleClassChangeError': Found class java.lang.Object, but interface was expected> (0x00000000d6b7bb20) thrown at [C:\src\AOSP-openjdk-git\hotspot\src\share\vm\interpreter\linkResolver.cpp, line 653]
Event: 2.135 Thread 0x000000001cca6000 Exception <a 'java/lang/NoSuchMethodError': java.lang.Object.lambda$or$2(Ljava/util/function/Predicate;Ljava/lang/Object;)Z> (0x00000000d6b80a40) thrown at [C:\src\AOSP-openjdk-git\hotspot\src\share\vm\interpreter\linkResolver.cpp, line 620]

Events (10 events):
Event: 2.147 loading class com/google/common/io/AppendableWriter
Event: 2.147 loading class com/google/common/io/AppendableWriter done
Event: 2.147 loading class com/google/common/io/CharStreams$NullWriter
Event: 2.147 loading class com/google/common/io/CharStreams$NullWriter done
Event: 2.147 loading class com/google/common/io/LineReader
Event: 2.147 loading class com/google/common/io/LineReader done
Event: 2.147 loading class com/google/common/io/LineBuffer
Event: 2.147 loading class com/google/common/io/LineBuffer done
Event: 2.148 loading class com/google/common/io/LineReader$1
Event: 2.148 loading class com/google/common/io/LineReader$1 done


Dynamic libraries:
0x00007ff75b4d0000 - 0x00007ff75b501000 	C:\Program Files\Android\Android Studio\jre\bin\java.exe
0x00007ff977f00000 - 0x00007ff9780f0000 	C:\Windows\SYSTEM32\ntdll.dll
0x00007ff976140000 - 0x00007ff9761f2000 	C:\Windows\System32\KERNEL32.DLL
0x00007ff975720000 - 0x00007ff9759c3000 	C:\Windows\System32\KERNELBASE.dll
0x00007ff975fb0000 - 0x00007ff976053000 	C:\Windows\System32\ADVAPI32.dll
0x00007ff977630000 - 0x00007ff9776ce000 	C:\Windows\System32\msvcrt.dll
0x00007ff976420000 - 0x00007ff9764b7000 	C:\Windows\System32\sechost.dll
0x00007ff977a60000 - 0x00007ff977b80000 	C:\Windows\System32\RPCRT4.dll
0x00007ff9764c0000 - 0x00007ff976654000 	C:\Windows\System32\USER32.dll
0x00007ff975f80000 - 0x00007ff975fa1000 	C:\Windows\System32\win32u.dll
0x00007ff977060000 - 0x00007ff977086000 	C:\Windows\System32\GDI32.dll
0x00007ff975ad0000 - 0x00007ff975c64000 	C:\Windows\System32\gdi32full.dll
0x00007ff975ee0000 - 0x00007ff975f7e000 	C:\Windows\System32\msvcp_win.dll
0x00007ff9759d0000 - 0x00007ff975aca000 	C:\Windows\System32\ucrtbase.dll
0x00007ff95f9c0000 - 0x00007ff95fc45000 	C:\Windows\WinSxS\amd64_microsoft.windows.common-controls_6595b64144ccf1df_6.0.18362.535_none_e6c3b34713100821\COMCTL32.dll
0x00007ff977b80000 - 0x00007ff977eb6000 	C:\Windows\System32\combase.dll
0x00007ff975610000 - 0x00007ff975690000 	C:\Windows\System32\bcryptPrimitives.dll
0x00007ff977a30000 - 0x00007ff977a5e000 	C:\Windows\System32\IMM32.DLL
0x00007ff95d720000 - 0x00007ff95d7d2000 	C:\Program Files\McAfee\Endpoint Security\Threat Prevention\Ips\EpMPApi.dll
0x00007ff975690000 - 0x00007ff9756ec000 	C:\Windows\System32\WINTRUST.dll
0x00007ff974e50000 - 0x00007ff974e62000 	C:\Windows\System32\MSASN1.dll
0x00007ff975cc0000 - 0x00007ff975e09000 	C:\Windows\System32\CRYPT32.dll
0x0000000051e60000 - 0x0000000051e6c000 	C:\Program Files\McAfee\Endpoint Security\Threat Prevention\Ips\EpMPThe.dll
0x00007ff964430000 - 0x00007ff96447f000 	C:\Program Files\McAfee\Endpoint Security\Threat Prevention\Ips\HIPHandlers64.dll
0x00007ff976e20000 - 0x00007ff976e72000 	C:\Windows\System32\SHLWAPI.dll
0x00007ff962aa0000 - 0x00007ff962c94000 	C:\Windows\SYSTEM32\dbghelp.dll
0x0000000050140000 - 0x0000000050212000 	C:\Program Files\Android\Android Studio\jre\jre\bin\msvcr100.dll
0x0000000050430000 - 0x0000000050c7b000 	C:\Program Files\Android\Android Studio\jre\jre\bin\server\jvm.dll
0x00007ff976130000 - 0x00007ff976138000 	C:\Windows\System32\PSAPI.DLL
0x00007ff972b90000 - 0x00007ff972b99000 	C:\Windows\SYSTEM32\WSOCK32.dll
0x00007ff96fa30000 - 0x00007ff96fa54000 	C:\Windows\SYSTEM32\WINMM.dll
0x00007ff9738e0000 - 0x00007ff9738ea000 	C:\Windows\SYSTEM32\VERSION.dll
0x00007ff976db0000 - 0x00007ff976e1f000 	C:\Windows\System32\WS2_32.dll
0x00007ff96fa00000 - 0x00007ff96fa2d000 	C:\Windows\SYSTEM32\WINMMBASE.dll
0x00007ff975c70000 - 0x00007ff975cba000 	C:\Windows\System32\cfgmgr32.dll
0x00007ff970630000 - 0x00007ff97063f000 	C:\Program Files\Android\Android Studio\jre\jre\bin\verify.dll
0x00007ff96fc90000 - 0x00007ff96fcb9000 	C:\Program Files\Android\Android Studio\jre\jre\bin\java.dll
0x00007ff96fb90000 - 0x00007ff96fba6000 	C:\Program Files\Android\Android Studio\jre\jre\bin\zip.dll
0x00007ff976660000 - 0x00007ff976d45000 	C:\Windows\System32\SHELL32.dll
0x00007ff977090000 - 0x00007ff977139000 	C:\Windows\System32\shcore.dll
0x00007ff974e90000 - 0x00007ff97560f000 	C:\Windows\System32\windows.storage.dll
0x00007ff974e70000 - 0x00007ff974e8f000 	C:\Windows\System32\profapi.dll
0x00007ff974e00000 - 0x00007ff974e4a000 	C:\Windows\System32\powrprof.dll
0x00007ff974dd0000 - 0x00007ff974de0000 	C:\Windows\System32\UMPDC.dll
0x00007ff974de0000 - 0x00007ff974df1000 	C:\Windows\System32\kernel.appcore.dll
0x00007ff975e10000 - 0x00007ff975e27000 	C:\Windows\System32\cryptsp.dll
0x00007ff96faf0000 - 0x00007ff96fb0a000 	C:\Program Files\Android\Android Studio\jre\jre\bin\net.dll
0x00007ff974640000 - 0x00007ff9746a7000 	C:\Windows\system32\mswsock.dll
0x00007ff964a70000 - 0x00007ff964a83000 	C:\Program Files\Android\Android Studio\jre\jre\bin\nio.dll
0x00007ff964480000 - 0x00007ff9644a6000 	C:\Users\vietdd\.gradle\native\31\windows-amd64\native-platform.dll
0x00007ff970160000 - 0x00007ff97016d000 	C:\Program Files\Android\Android Studio\jre\jre\bin\management.dll
0x00007ff9741b0000 - 0x00007ff9741e3000 	C:\Windows\system32\rsaenh.dll
0x00007ff9756f0000 - 0x00007ff975716000 	C:\Windows\System32\bcrypt.dll
0x00007ff974cf0000 - 0x00007ff974d15000 	C:\Windows\SYSTEM32\USERENV.dll
0x00007ff974810000 - 0x00007ff97481c000 	C:\Windows\SYSTEM32\CRYPTBASE.dll
0x00007ff974350000 - 0x00007ff97438a000 	C:\Windows\SYSTEM32\IPHLPAPI.DLL
0x00007ff9771b0000 - 0x00007ff9771b8000 	C:\Windows\System32\NSI.dll
0x00007ff970710000 - 0x00007ff970726000 	C:\Windows\SYSTEM32\dhcpcsvc6.DLL
0x00007ff9706a0000 - 0x00007ff9706bc000 	C:\Windows\SYSTEM32\dhcpcsvc.DLL
0x00007ff974390000 - 0x00007ff97445a000 	C:\Windows\SYSTEM32\DNSAPI.dll

VM Arguments:
jvm_args: -Xmx2048m -Dfile.encoding=windows-1252 -Duser.country=US -Duser.language=en -Duser.variant 
java_command: org.gradle.launcher.daemon.bootstrap.GradleDaemon 6.1.1
java_class_path (initial): C:\Users\vietdd\.gradle\wrapper\dists\gradle-6.1.1-all\cfmwm155h49vnt3hynmlrsdst\gradle-6.1.1\lib\gradle-launcher-6.1.1.jar
Launcher Type: SUN_STANDARD

Environment Variables:
PATH=C:\Windows\system32;C:\Windows;C:\Windows\System32\Wbem;C:\Windows\System32\WindowsPowerShell\v1.0\;C:\Windows\System32\OpenSSH\;C:\Program Files (x86)\NVIDIA Corporation\PhysX\Common;C:\Program Files\NVIDIA Corporation\NVIDIA NvDLISR;C:\Program Files (x86)\Common Files\Acronis\SnapAPI\;C:\Program Files\Git\cmd;C:\Users\vietdd\AppData\Local\Microsoft\WindowsApps;C:\Users\vietdd\AppData\Local\GitHubDesktop\bin
USERNAME=vietdv
OS=Windows_NT
PROCESSOR_IDENTIFIER=Intel64 Family 6 Model 165 Stepping 2, GenuineIntel



---------------  S Y S T E M  ---------------

OS: Windows 10.0 , 64 bit Build 18362 (10.0.18362.329)

CPU:total 12 (initial active 12) (6 cores per cpu, 2 threads per core) family 6 model 165 stepping 2, cmov, cx8, fxsr, mmx, sse, sse2, sse3, ssse3, sse4.1, sse4.2, popcnt, avx, avx2, aes, clmul, erms, 3dnowpref, lzcnt, ht, tsc, tscinvbit, bmi1, bmi2, adx

Memory: 4k page, physical 16598588k(5731676k free), swap 43031560k(5144k free)

vm_info: OpenJDK 64-Bit Server VM (25.242-b01) for windows-amd64 JRE (1.8.0_242-release-1644-b01), built by "builder" with MS VC++ 10.0 (VS2010)

time: Tue Oct 13 09:52:53 2020
timezone: SE Asia Standard Time
elapsed time: 2 seconds (0d 0h 0m 2s)

